<?xml version="1.0" encoding="UTF-8"?>
<testng-results ignored="0" total="7" passed="6" failed="1" skipped="0">
  <reporter-output>
    <line>
      <![CDATA[<br> <a title= "Screenshot" href="/Users/minhnguyen/Desktop/FUNiX/STP304x/Assignment2/./Screenshots/LoginTest.png">]]>
    </line>
    <line>
      <![CDATA[<img alt='LoginTest.png' src='./Screenshots/LoginTest.png'height='240 width='418'/><br>]]>
    </line>
  </reporter-output>
  <suite started-at="2023-03-14T14:50:14 ICT" name="Suite" finished-at="2023-03-14T14:52:49 ICT" duration-ms="154769">
    <groups>
    </groups>
    <test started-at="2023-03-14T14:50:14 ICT" name="Test" finished-at="2023-03-14T14:52:49 ICT" duration-ms="154769">
      <class name="com.automation.testcase.TC_LoginTest">
        <test-method is-config="true" signature="init()[pri:0, instance:com.automation.testcase.TC_LoginTest@8dbdac1]" started-at="2023-03-14T14:50:14 ICT" name="init" finished-at="2023-03-14T14:50:29 ICT" duration-ms="14404" status="PASS">
          <reporter-output>
          </reporter-output>
        </test-method> <!-- init -->
        <test-method signature="LoginTest(java.lang.String,java.lang.String)[pri:0, instance:com.automation.testcase.TC_LoginTest@8dbdac1]" started-at="2023-03-14T14:50:31 ICT" name="LoginTest" data-provider="data" finished-at="2023-03-14T14:50:52 ICT" duration-ms="21582" status="PASS">
          <params>
            <param index="0">
              <value>
                <![CDATA[funixExample1@gmail.com]]>
              </value>
            </param>
            <param index="1">
              <value>
                <![CDATA[Abc@1234]]>
              </value>
            </param>
          </params>
          <reporter-output>
          </reporter-output>
        </test-method> <!-- LoginTest -->
        <test-method is-config="true" signature="takeScreenshot(org.testng.ITestResult)[pri:0, instance:com.automation.testcase.TC_LoginTest@8dbdac1]" started-at="2023-03-14T14:50:52 ICT" name="takeScreenshot" finished-at="2023-03-14T14:50:53 ICT" duration-ms="1004" status="PASS">
          <params>
            <param index="0">
              <value>
                <![CDATA[[TestResult name=LoginTest status=SUCCESS method=TC_LoginTest.LoginTest(java.lang.String,java.lang.String)[pri:0, instance:com.automation.testcase.TC_LoginTest@8dbdac1] output={null}]]]>
              </value>
            </param>
          </params>
          <reporter-output>
          </reporter-output>
        </test-method> <!-- takeScreenshot -->
        <test-method signature="LoginTest(java.lang.String,java.lang.String)[pri:0, instance:com.automation.testcase.TC_LoginTest@8dbdac1]" started-at="2023-03-14T14:50:53 ICT" name="LoginTest" data-provider="data" finished-at="2023-03-14T14:51:03 ICT" duration-ms="9718" status="FAIL">
          <params>
            <param index="0">
              <value>
                <![CDATA[funixExample2@gmail.com]]>
              </value>
            </param>
            <param index="1">
              <value>
                <![CDATA[Abc@135790]]>
              </value>
            </param>
          </params>
          <exception class="org.openqa.selenium.NoSuchElementException">
            <message>
              <![CDATA[no such element: Unable to locate element: {"method":"xpath","selector":"//a[@href='/logout']"}
  (Session info: chrome=111.0.5563.64)
For documentation on this error, please visit: https://www.seleniumhq.org/exceptions/no_such_element.html
Build info: version: '3.141.59', revision: 'e82be7d358', time: '2018-11-14T08:17:03'
System info: host: 'Trangs-MacBook.local', ip: 'fe80:0:0:0:1cb4:4ab9:fdd8:b9f2%en0', os.name: 'Mac OS X', os.arch: 'x86_64', os.version: '10.15.2', java.version: '19.0.1'
Driver info: org.openqa.selenium.chrome.ChromeDriver
Capabilities {acceptInsecureCerts: false, browserName: chrome, browserVersion: 111.0.5563.64, chrome: {chromedriverVersion: 111.0.5563.64 (c710e93d5b63..., userDataDir: /var/folders/3_/lz54r5ss7vx...}, goog:chromeOptions: {debuggerAddress: localhost:52617}, javascriptEnabled: true, networkConnectionEnabled: false, pageLoadStrategy: normal, platform: MAC, platformName: MAC, proxy: Proxy(), setWindowRect: true, strictFileInteractability: false, timeouts: {implicit: 0, pageLoad: 300000, script: 30000}, unhandledPromptBehavior: dismiss and notify, webauthn:extension:credBlob: true, webauthn:extension:largeBlob: true, webauthn:extension:minPinLength: true, webauthn:extension:prf: true, webauthn:virtualAuthenticators: true}
Session ID: a5425608220685d790728f64948898b9
*** Element info: {Using=xpath, value=//a[@href='/logout']}]]>
            </message>
            <full-stacktrace>
              <![CDATA[org.openqa.selenium.NoSuchElementException: no such element: Unable to locate element: {"method":"xpath","selector":"//a[@href='/logout']"}
  (Session info: chrome=111.0.5563.64)
For documentation on this error, please visit: https://www.seleniumhq.org/exceptions/no_such_element.html
Build info: version: '3.141.59', revision: 'e82be7d358', time: '2018-11-14T08:17:03'
System info: host: 'Trangs-MacBook.local', ip: 'fe80:0:0:0:1cb4:4ab9:fdd8:b9f2%en0', os.name: 'Mac OS X', os.arch: 'x86_64', os.version: '10.15.2', java.version: '19.0.1'
Driver info: org.openqa.selenium.chrome.ChromeDriver
Capabilities {acceptInsecureCerts: false, browserName: chrome, browserVersion: 111.0.5563.64, chrome: {chromedriverVersion: 111.0.5563.64 (c710e93d5b63..., userDataDir: /var/folders/3_/lz54r5ss7vx...}, goog:chromeOptions: {debuggerAddress: localhost:52617}, javascriptEnabled: true, networkConnectionEnabled: false, pageLoadStrategy: normal, platform: MAC, platformName: MAC, proxy: Proxy(), setWindowRect: true, strictFileInteractability: false, timeouts: {implicit: 0, pageLoad: 300000, script: 30000}, unhandledPromptBehavior: dismiss and notify, webauthn:extension:credBlob: true, webauthn:extension:largeBlob: true, webauthn:extension:minPinLength: true, webauthn:extension:prf: true, webauthn:virtualAuthenticators: true}
Session ID: a5425608220685d790728f64948898b9
*** Element info: {Using=xpath, value=//a[@href='/logout']}
at java.base/jdk.internal.reflect.DirectConstructorHandleAccessor.newInstance(DirectConstructorHandleAccessor.java:67)
at java.base/java.lang.reflect.Constructor.newInstanceWithCaller(Constructor.java:500)
at java.base/java.lang.reflect.Constructor.newInstance(Constructor.java:484)
at org.openqa.selenium.remote.http.W3CHttpResponseCodec.createException(W3CHttpResponseCodec.java:187)
at org.openqa.selenium.remote.http.W3CHttpResponseCodec.decode(W3CHttpResponseCodec.java:122)
at org.openqa.selenium.remote.http.W3CHttpResponseCodec.decode(W3CHttpResponseCodec.java:49)
at org.openqa.selenium.remote.HttpCommandExecutor.execute(HttpCommandExecutor.java:158)
at org.openqa.selenium.remote.service.DriverCommandExecutor.execute(DriverCommandExecutor.java:83)
at org.openqa.selenium.remote.RemoteWebDriver.execute(RemoteWebDriver.java:552)
at org.openqa.selenium.remote.RemoteWebDriver.findElement(RemoteWebDriver.java:323)
at org.openqa.selenium.remote.RemoteWebDriver.findElementByXPath(RemoteWebDriver.java:428)
at org.openqa.selenium.By$ByXPath.findElement(By.java:353)
at org.openqa.selenium.remote.RemoteWebDriver.findElement(RemoteWebDriver.java:315)
at com.automation.testcase.TC_LoginTest.LoginTest(TC_LoginTest.java:29)
at java.base/jdk.internal.reflect.DirectMethodHandleAccessor.invoke(DirectMethodHandleAccessor.java:104)
at java.base/java.lang.reflect.Method.invoke(Method.java:578)
at org.testng.internal.MethodInvocationHelper.invokeMethod(MethodInvocationHelper.java:133)
at org.testng.internal.TestInvoker.invokeMethod(TestInvoker.java:598)
at org.testng.internal.TestInvoker.invokeTestMethod(TestInvoker.java:173)
at org.testng.internal.MethodRunner.runInSequence(MethodRunner.java:46)
at org.testng.internal.TestInvoker$MethodInvocationAgent.invoke(TestInvoker.java:824)
at org.testng.internal.TestInvoker.invokeTestMethods(TestInvoker.java:146)
at org.testng.internal.TestMethodWorker.invokeTestMethods(TestMethodWorker.java:146)
at org.testng.internal.TestMethodWorker.run(TestMethodWorker.java:128)
at java.base/java.util.ArrayList.forEach(ArrayList.java:1511)
at org.testng.TestRunner.privateRun(TestRunner.java:794)
at org.testng.TestRunner.run(TestRunner.java:596)
at org.testng.SuiteRunner.runTest(SuiteRunner.java:377)
at org.testng.SuiteRunner.runSequentially(SuiteRunner.java:371)
at org.testng.SuiteRunner.privateRun(SuiteRunner.java:332)
at org.testng.SuiteRunner.run(SuiteRunner.java:276)
at org.testng.SuiteRunnerWorker.runSuite(SuiteRunnerWorker.java:53)
at org.testng.SuiteRunnerWorker.run(SuiteRunnerWorker.java:96)
at org.testng.TestNG.runSuitesSequentially(TestNG.java:1212)
at org.testng.TestNG.runSuitesLocally(TestNG.java:1134)
at org.testng.TestNG.runSuites(TestNG.java:1063)
at org.testng.TestNG.run(TestNG.java:1031)
at org.testng.remote.AbstractRemoteTestNG.run(AbstractRemoteTestNG.java:115)
at org.testng.remote.RemoteTestNG.initAndRun(RemoteTestNG.java:251)
at org.testng.remote.RemoteTestNG.main(RemoteTestNG.java:77)
]]>
            </full-stacktrace>
          </exception> <!-- org.openqa.selenium.NoSuchElementException -->
          <reporter-output>
          </reporter-output>
        </test-method> <!-- LoginTest -->
        <test-method is-config="true" signature="takeScreenshot(org.testng.ITestResult)[pri:0, instance:com.automation.testcase.TC_LoginTest@8dbdac1]" started-at="2023-03-14T14:51:03 ICT" name="takeScreenshot" finished-at="2023-03-14T14:51:06 ICT" duration-ms="2420" status="PASS">
          <params>
            <param index="0">
              <value>
                <![CDATA[[TestResult name=LoginTest status=FAILURE method=TC_LoginTest.LoginTest(java.lang.String,java.lang.String)[pri:0, instance:com.automation.testcase.TC_LoginTest@8dbdac1] output={null}]]]>
              </value>
            </param>
          </params>
          <reporter-output>
            <line>
              <![CDATA[<br> <a title= "Screenshot" href="/Users/minhnguyen/Desktop/FUNiX/STP304x/Assignment2/./Screenshots/LoginTest.png">]]>
            </line>
            <line>
              <![CDATA[<img alt='LoginTest.png' src='./Screenshots/LoginTest.png'height='240 width='418'/><br>]]>
            </line>
          </reporter-output>
        </test-method> <!-- takeScreenshot -->
        <test-method signature="LoginTest(java.lang.String,java.lang.String)[pri:0, instance:com.automation.testcase.TC_LoginTest@8dbdac1]" started-at="2023-03-14T14:51:06 ICT" name="LoginTest" data-provider="data" finished-at="2023-03-14T14:51:24 ICT" duration-ms="18662" status="PASS">
          <params>
            <param index="0">
              <value>
                <![CDATA[funixExample3@gmail.com]]>
              </value>
            </param>
            <param index="1">
              <value>
                <![CDATA[Funix1122]]>
              </value>
            </param>
          </params>
          <reporter-output>
          </reporter-output>
        </test-method> <!-- LoginTest -->
        <test-method is-config="true" signature="takeScreenshot(org.testng.ITestResult)[pri:0, instance:com.automation.testcase.TC_LoginTest@8dbdac1]" started-at="2023-03-14T14:51:24 ICT" name="takeScreenshot" finished-at="2023-03-14T14:51:25 ICT" duration-ms="1010" status="PASS">
          <params>
            <param index="0">
              <value>
                <![CDATA[[TestResult name=LoginTest status=SUCCESS method=TC_LoginTest.LoginTest(java.lang.String,java.lang.String)[pri:0, instance:com.automation.testcase.TC_LoginTest@8dbdac1] output={null}]]]>
              </value>
            </param>
          </params>
          <reporter-output>
          </reporter-output>
        </test-method> <!-- takeScreenshot -->
        <test-method signature="LoginTest(java.lang.String,java.lang.String)[pri:0, instance:com.automation.testcase.TC_LoginTest@8dbdac1]" started-at="2023-03-14T14:51:25 ICT" name="LoginTest" data-provider="data" finished-at="2023-03-14T14:51:45 ICT" duration-ms="19580" status="PASS">
          <params>
            <param index="0">
              <value>
                <![CDATA[funixExample4@gmail.com]]>
              </value>
            </param>
            <param index="1">
              <value>
                <![CDATA[Funix1234567]]>
              </value>
            </param>
          </params>
          <reporter-output>
          </reporter-output>
        </test-method> <!-- LoginTest -->
        <test-method is-config="true" signature="takeScreenshot(org.testng.ITestResult)[pri:0, instance:com.automation.testcase.TC_LoginTest@8dbdac1]" started-at="2023-03-14T14:51:45 ICT" name="takeScreenshot" finished-at="2023-03-14T14:51:46 ICT" duration-ms="1011" status="PASS">
          <params>
            <param index="0">
              <value>
                <![CDATA[[TestResult name=LoginTest status=SUCCESS method=TC_LoginTest.LoginTest(java.lang.String,java.lang.String)[pri:0, instance:com.automation.testcase.TC_LoginTest@8dbdac1] output={null}]]]>
              </value>
            </param>
          </params>
          <reporter-output>
          </reporter-output>
        </test-method> <!-- takeScreenshot -->
        <test-method signature="LoginTest(java.lang.String,java.lang.String)[pri:0, instance:com.automation.testcase.TC_LoginTest@8dbdac1]" started-at="2023-03-14T14:51:46 ICT" name="LoginTest" data-provider="data" finished-at="2023-03-14T14:52:05 ICT" duration-ms="19017" status="PASS">
          <params>
            <param index="0">
              <value>
                <![CDATA[funixExample5@gmail.com]]>
              </value>
            </param>
            <param index="1">
              <value>
                <![CDATA[Admin123]]>
              </value>
            </param>
          </params>
          <reporter-output>
          </reporter-output>
        </test-method> <!-- LoginTest -->
        <test-method is-config="true" signature="takeScreenshot(org.testng.ITestResult)[pri:0, instance:com.automation.testcase.TC_LoginTest@8dbdac1]" started-at="2023-03-14T14:52:05 ICT" name="takeScreenshot" finished-at="2023-03-14T14:52:06 ICT" duration-ms="1004" status="PASS">
          <params>
            <param index="0">
              <value>
                <![CDATA[[TestResult name=LoginTest status=SUCCESS method=TC_LoginTest.LoginTest(java.lang.String,java.lang.String)[pri:0, instance:com.automation.testcase.TC_LoginTest@8dbdac1] output={null}]]]>
              </value>
            </param>
          </params>
          <reporter-output>
          </reporter-output>
        </test-method> <!-- takeScreenshot -->
        <test-method signature="LoginTest(java.lang.String,java.lang.String)[pri:0, instance:com.automation.testcase.TC_LoginTest@8dbdac1]" started-at="2023-03-14T14:52:06 ICT" name="LoginTest" data-provider="data" finished-at="2023-03-14T14:52:27 ICT" duration-ms="21552" status="PASS">
          <params>
            <param index="0">
              <value>
                <![CDATA[funixExample6@gmail.com]]>
              </value>
            </param>
            <param index="1">
              <value>
                <![CDATA[Abc@000]]>
              </value>
            </param>
          </params>
          <reporter-output>
          </reporter-output>
        </test-method> <!-- LoginTest -->
        <test-method is-config="true" signature="takeScreenshot(org.testng.ITestResult)[pri:0, instance:com.automation.testcase.TC_LoginTest@8dbdac1]" started-at="2023-03-14T14:52:27 ICT" name="takeScreenshot" finished-at="2023-03-14T14:52:28 ICT" duration-ms="1008" status="PASS">
          <params>
            <param index="0">
              <value>
                <![CDATA[[TestResult name=LoginTest status=SUCCESS method=TC_LoginTest.LoginTest(java.lang.String,java.lang.String)[pri:0, instance:com.automation.testcase.TC_LoginTest@8dbdac1] output={null}]]]>
              </value>
            </param>
          </params>
          <reporter-output>
          </reporter-output>
        </test-method> <!-- takeScreenshot -->
        <test-method signature="LoginTest(java.lang.String,java.lang.String)[pri:0, instance:com.automation.testcase.TC_LoginTest@8dbdac1]" started-at="2023-03-14T14:52:28 ICT" name="LoginTest" data-provider="data" finished-at="2023-03-14T14:52:48 ICT" duration-ms="19276" status="PASS">
          <params>
            <param index="0">
              <value>
                <![CDATA[funixExample7@gmail.com]]>
              </value>
            </param>
            <param index="1">
              <value>
                <![CDATA[Abc@111]]>
              </value>
            </param>
          </params>
          <reporter-output>
          </reporter-output>
        </test-method> <!-- LoginTest -->
        <test-method is-config="true" signature="takeScreenshot(org.testng.ITestResult)[pri:0, instance:com.automation.testcase.TC_LoginTest@8dbdac1]" started-at="2023-03-14T14:52:48 ICT" name="takeScreenshot" finished-at="2023-03-14T14:52:49 ICT" duration-ms="1007" status="PASS">
          <params>
            <param index="0">
              <value>
                <![CDATA[[TestResult name=LoginTest status=SUCCESS method=TC_LoginTest.LoginTest(java.lang.String,java.lang.String)[pri:0, instance:com.automation.testcase.TC_LoginTest@8dbdac1] output={null}]]]>
              </value>
            </param>
          </params>
          <reporter-output>
          </reporter-output>
        </test-method> <!-- takeScreenshot -->
        <test-method is-config="true" signature="closeDriverInstance()[pri:0, instance:com.automation.testcase.TC_LoginTest@8dbdac1]" started-at="2023-03-14T14:52:49 ICT" name="closeDriverInstance" finished-at="2023-03-14T14:52:49 ICT" duration-ms="335" status="PASS">
          <reporter-output>
          </reporter-output>
        </test-method> <!-- closeDriverInstance -->
      </class> <!-- com.automation.testcase.TC_LoginTest -->
    </test> <!-- Test -->
  </suite> <!-- Suite -->
</testng-results>
